✓ MySQL connected: pandashield
✓ Database tables ready
============================================
  PandaShield B2B API Server
  http://localhost:3001/api/...
  (Static files served from: c:\Users\Windows13\Desktop\2026.02.23广东-Robin\2026.03.13panda\各版本\20260331999999-2026.04.07-4.0)
  Admin: admin@pandashield.com / admin123!
============================================
c:\Users\Windows13\Desktop\2026.02.23广东-Robin\2026.03.13panda\各版本\20260331999999-2026.04.07-4.0\serve_app\server.js:732
  const products = await queryAll(sql, params).map(p => ({ ...p, images: JSON.parse(p.images || '[]'), specs: JSON.parse(p.specs || '{}') }));
                                               ^

TypeError: queryAll(...).map is not a function
    at c:\Users\Windows13\Desktop\2026.02.23广东-Robin\2026.03.13panda\各版本\20260331999999-2026.04.07-4.0\serve_app\server.js:732:48
    at Layer.handle [as handle_request] (c:\Users\Windows13\Desktop\2026.02.23广东-Robin\2026.03.13panda\各版本\20260331999999-2026.04.07-4.0\serve_app\node_modules\express\lib\router\layer.js:95:5)
    at next (c:\Users\Windows13\Desktop\2026.02.23广东-Robin\2026.03.13panda\各版本\20260331999999-2026.04.07-4.0\serve_app\node_modules\express\lib\router\route.js:149:13)
    at adminOnly (c:\Users\Windows13\Desktop\2026.02.23广东-Robin\2026.03.13panda\各版本\20260331999999-2026.04.07-4.0\serve_app\server.js:286:3)
    at Layer.handle [as handle_request] (c:\Users\Windows13\Desktop\2026.02.23广东-Robin\2026.03.13panda\各版本\20260331999999-2026.04.07-4.0\serve_app\node_modules\express\lib\router\layer.js:95:5)
    at next (c:\Users\Windows13\Desktop\2026.02.23广东-Robin\2026.03.13panda\各版本\20260331999999-2026.04.07-4.0\serve_app\node_modules\express\lib\router\route.js:149:13)
    at authMiddleware (c:\Users\Windows13\Desktop\2026.02.23广东-Robin\2026.03.13panda\各版本\20260331999999-2026.04.07-4.0\serve_app\server.js:276:5)
    at Layer.handle [as handle_request] (c:\Users\Windows13\Desktop\2026.02.23广东-Robin\2026.03.13panda\各版本\20260331999999-2026.04.07-4.0\serve_app\node_modules\express\lib\router\layer.js:95:5)
    at next (c:\Users\Windows13\Desktop\2026.02.23广东-Robin\2026.03.13panda\各版本\20260331999999-2026.04.07-4.0\serve_app\node_modules\express\lib\router\route.js:149:13)
    at Route.dispatch (c:\Users\Windows13\Desktop\2026.02.23广东-Robin\2026.03.13panda\各版本\20260331999999-2026.04.07-4.0\serve_app\node_modules\express\lib\router\route.js:119:3)

Node.js v25.2.1
